<?xml version="1.0" encoding="UTF-8"?>
<!-- Generated by org.testng.reporters.JUnitReportReporter -->
<testsuite hostname="574351f79abe502" failures="0" tests="3" name="testNgParameterization.DataProviderTests" time="0.012" errors="0" timestamp="2025-07-25T21:18:55 IST" skipped="0">
  <testcase classname="testNgParameterization.DataProviderTests" name="testLogin" time="0.002"/>
  <testcase classname="testNgParameterization.DataProviderTests" name="testLogin" time="0.008"/>
  <testcase classname="testNgParameterization.DataProviderTests" name="testLogin" time="0.002"/>
</testsuite> <!-- testNgParameterization.DataProviderTests -->
