<?xml version="1.0" encoding="UTF-8"?>
<!-- Generated by org.testng.reporters.JUnitReportReporter -->
<testsuite hostname="574351f79abe502" failures="0" tests="2" name="learnings.OnlyForGroupsExample" time="0.019" errors="0" timestamp="2025-07-19T10:32:25 IST" skipped="0">
  <testcase classname="learnings.OnlyForGroupsExample" name="smokeTest" time="0.005"/>
  <testcase classname="learnings.OnlyForGroupsExample" name="regressionTest" time="0.014"/>
</testsuite> <!-- learnings.OnlyForGroupsExample -->
