<?xml version="1.0" encoding="UTF-8"?>
<!-- Generated by org.testng.reporters.JUnitReportReporter -->
<testsuite hostname="574351f79abe502" failures="0" tests="6" name="testNgParameterization.FactoryTest" time="0.020" errors="0" timestamp="2025-07-25T17:31:54 IST" skipped="0">
  <testcase classname="testNgParameterization.FactoryTest" name="testBrowser" time="0.002"/>
  <testcase classname="testNgParameterization.FactoryTest" name="testBrowser" time="0.009"/>
  <testcase classname="testNgParameterization.FactoryTest" name="testBrowser" time="0.002"/>
  <testcase classname="testNgParameterization.FactoryTest" name="testBrowserSpecificFeature" time="0.002"/>
  <testcase classname="testNgParameterization.FactoryTest" name="testBrowserSpecificFeature" time="0.003"/>
  <testcase classname="testNgParameterization.FactoryTest" name="testBrowserSpecificFeature" time="0.002"/>
</testsuite> <!-- testNgParameterization.FactoryTest -->
