<?xml version="1.0" encoding="UTF-8"?>
<!-- Generated by org.testng.reporters.JUnitReportReporter -->
<testsuite hostname="574351f79abe502" failures="0" tests="3" name="testNgParameterization.ClassToTestExternalDataProvider" time="0.012" errors="0" timestamp="2025-07-25T21:32:09 IST" skipped="0">
  <testcase classname="testNgParameterization.ClassToTestExternalDataProvider" name="testExternalData" time="0.001"/>
  <testcase classname="testNgParameterization.ClassToTestExternalDataProvider" name="testExternalData" time="0.010"/>
  <testcase classname="testNgParameterization.ClassToTestExternalDataProvider" name="testExternalData" time="0.001"/>
</testsuite> <!-- testNgParameterization.ClassToTestExternalDataProvider -->
