<?xml version="1.0" encoding="UTF-8"?>
<!-- Generated by org.testng.reporters.JUnitReportReporter -->
<testsuite hostname="574351f79abe502" failures="0" tests="1" name="learningdataProviders.ParametersTest" time="0.010" errors="0" timestamp="2025-07-19T10:54:38 IST" skipped="0">
  <testcase classname="learningdataProviders.ParametersTest" name="testBrowser" time="0.010"/>
</testsuite> <!-- learningdataProviders.ParametersTest -->
