<?xml version="1.0" encoding="UTF-8"?>
<!-- Generated by org.testng.reporters.JUnitReportReporter -->
<testsuite hostname="574351f79abe502" failures="0" tests="3" name="learnings.GroupsExample" time="0.011" errors="0" timestamp="2025-07-19T09:49:40 IST" skipped="0">
  <testcase classname="learnings.GroupsExample" name="testAddProduct" time="0.007"/>
  <testcase classname="learnings.GroupsExample" name="testLogin" time="0.002"/>
  <testcase classname="learnings.GroupsExample" name="testLogout" time="0.002"/>
</testsuite> <!-- learnings.GroupsExample -->
