<?xml version="1.0" encoding="UTF-8"?>
<!-- Generated by org.testng.reporters.JUnitReportReporter -->
<testsuite hostname="574351f79abe502" failures="0" tests="2" name="learnings.SampleTest" time="0.012" errors="0" timestamp="2025-07-19T10:35:12 IST" skipped="0">
  <testcase classname="learnings.SampleTest" name="test1" time="0.011"/>
  <testcase classname="learnings.SampleTest" name="test2" time="0.001"/>
</testsuite> <!-- learnings.SampleTest -->
