<?xml version="1.0" encoding="UTF-8"?>
<!-- Generated by org.testng.reporters.JUnitReportReporter -->
<testsuite hostname="574351f79abe502" failures="0" tests="2" name="learningdataProviders.CombinedTest" time="0.007" errors="0" timestamp="2025-07-19T11:07:11 IST" skipped="0">
  <testcase classname="learningdataProviders.CombinedTest" name="testUserProfile" time="0.001"/>
  <testcase classname="learningdataProviders.CombinedTest" name="testUserProfile" time="0.006"/>
</testsuite> <!-- learningdataProviders.CombinedTest -->
