<?xml version="1.0" encoding="UTF-8"?>
<!-- Generated by org.testng.reporters.JUnitReportReporter -->
<testsuite hostname="574351f79abe502" failures="0" tests="2" name="learnings.test" time="0.004" errors="0" timestamp="2025-07-19T09:38:55 IST" skipped="1">
  <testcase classname="learnings.test" name="add" time="0.004"/>
  <testcase classname="learnings.test" name="subtract">
    <skipped/>
  </testcase> <!-- subtract -->
</testsuite> <!-- learnings.test -->
