<?xml version="1.0" encoding="UTF-8"?>
<!-- Generated by org.testng.reporters.JUnitReportReporter -->
<testsuite hostname="574351f79abe502" failures="0" tests="3" name="learningdataProviders.DataProviderTest" time="0.009" errors="0" timestamp="2025-07-19T10:42:26 IST" skipped="0">
  <testcase classname="learningdataProviders.DataProviderTest" name="testLogin" time="0.006"/>
  <testcase classname="learningdataProviders.DataProviderTest" name="testLogin" time="0.001"/>
  <testcase classname="learningdataProviders.DataProviderTest" name="testLogin" time="0.002"/>
</testsuite> <!-- learningdataProviders.DataProviderTest -->
