<?xml version="1.0" encoding="UTF-8"?>
<!-- Generated by org.testng.reporters.JUnitReportReporter -->
<testsuite hostname="574351f79abe502" failures="0" tests="1" name="assertionsPractise.AdvancedAssertions" time="0.016" errors="0" timestamp="2025-07-25T11:00:36 IST" skipped="0">
  <testcase classname="assertionsPractise.AdvancedAssertions" name="testExceptionthrowing" time="0.016"/>
</testsuite> <!-- assertionsPractise.AdvancedAssertions -->
