<?xml version="1.0" encoding="UTF-8"?>
<!-- Generated by org.testng.reporters.JUnitReportReporter -->
<testsuite hostname="574351f79abe502" failures="0" tests="3" name="learningdataProviders.ExternalDataProviderTest" time="0.012" errors="0" timestamp="2025-07-19T10:59:40 IST" skipped="0">
  <testcase classname="learningdataProviders.ExternalDataProviderTest" name="testUserRoles" time="0.006"/>
  <testcase classname="learningdataProviders.ExternalDataProviderTest" name="testUserRoles" time="0.004"/>
  <testcase classname="learningdataProviders.ExternalDataProviderTest" name="testUserRoles" time="0.002"/>
</testsuite> <!-- learningdataProviders.ExternalDataProviderTest -->
