<?xml version="1.0" encoding="UTF-8"?>
<!-- Generated by org.testng.reporters.JUnitReportReporter -->
<testsuite hostname="574351f79abe502" failures="0" tests="1" name="assertionsPractise.HamcrestPractise" time="0.019" errors="0" timestamp="2025-07-25T12:04:59 IST" skipped="0">
  <testcase classname="assertionsPractise.HamcrestPractise" name="testHamcrestMatchers" time="0.019"/>
</testsuite> <!-- assertionsPractise.HamcrestPractise -->
