<?xml version="1.0" encoding="UTF-8"?>
<!-- Generated by org.testng.reporters.JUnitReportReporter -->
<testsuite hostname="574351f79abe502" failures="0" tests="2" name="learnings.InheritGroupsExample" time="0.010" errors="0" timestamp="2025-07-19T10:16:13 IST" skipped="0">
  <testcase classname="learnings.InheritGroupsExample" name="baseMethod" time="0.008"/>
  <testcase classname="learnings.InheritGroupsExample" name="childMethod" time="0.002"/>
</testsuite> <!-- learnings.InheritGroupsExample -->
