<?xml version="1.0" encoding="UTF-8"?>
<!-- Generated by org.testng.reporters.JUnitReportReporter -->
<testsuite hostname="574351f79abe502" failures="0" tests="1" name="testNgParameterization.DataProviderWithCSV" time="0.008" errors="0" timestamp="2025-07-25T21:02:27 IST" skipped="0">
  <testcase classname="testNgParameterization.DataProviderWithCSV" name="testCSV" time="0.008"/>
</testsuite> <!-- testNgParameterization.DataProviderWithCSV -->
