<?xml version="1.0" encoding="UTF-8"?>
<!-- Generated by org.testng.reporters.JUnitReportReporter -->
<testsuite hostname="574351f79abe502" failures="0" tests="2" name="testNgParameterization.XmlParameterTests" time="0.015" errors="0" timestamp="2025-07-25T12:29:28 IST" skipped="0">
  <testcase classname="testNgParameterization.XmlParameterTests" name="connectionTest" time="0.013"/>
  <testcase classname="testNgParameterization.XmlParameterTests" name="loginTest" time="0.002"/>
</testsuite> <!-- testNgParameterization.XmlParameterTests -->
