<?xml version="1.0" encoding="UTF-8"?>
<!-- Generated by org.testng.reporters.JUnitReportReporter -->
<testsuite hostname="574351f79abe502" failures="0" tests="1" name="assertionsPractise.SoftAssertions" time="0.015" errors="0" timestamp="2025-07-25T11:48:46 IST" skipped="0">
  <testcase classname="assertionsPractise.SoftAssertions" name="testSoftAssertions" time="0.015"/>
</testsuite> <!-- assertionsPractise.SoftAssertions -->
